2017/10/29 12:16:35 [error] [exception.CHttpException.404] CHttpException: Unable to resolve the request "user/admin". in /var/www/framework/web/CWebApplication.php:286
Stack trace:
#0 /var/www/framework/web/CWebApplication.php(141): CWebApplication->runController('user/admin')
#1 /var/www/framework/base/CApplication.php(185): CWebApplication->processRequest()
#2 /var/www/html/index.php(13): CApplication->run()
#3 {main}
REQUEST_URI=/index.php?r=user/admin
---
2017/10/29 12:23:50 [error] [exception.CHttpException.404] CHttpException: Unable to resolve the request "user/admin". in /var/www/framework/web/CWebApplication.php:286
Stack trace:
#0 /var/www/framework/web/CWebApplication.php(141): CWebApplication->runController('user/admin')
#1 /var/www/framework/base/CApplication.php(185): CWebApplication->processRequest()
#2 /var/www/html/index.php(13): CApplication->run()
#3 {main}
REQUEST_URI=/index.php?r=user/admin
---
2017/10/29 12:23:50 [error] [exception.CHttpException.404] CHttpException: Unable to resolve the request "user/admin". in /var/www/framework/web/CWebApplication.php:286
Stack trace:
#0 /var/www/framework/web/CWebApplication.php(141): CWebApplication->runController('user/admin')
#1 /var/www/framework/base/CApplication.php(185): CWebApplication->processRequest()
#2 /var/www/html/index.php(13): CApplication->run()
#3 {main}
REQUEST_URI=/index.php?r=user/admin
---
